<?xml version="1.0" encoding="UTF-8"?>
<!-- Generated by org.testng.reporters.JUnitReportReporter -->
<testsuite hostname="adam" failures="0" tests="1" name="seleniumTest" time="0.003" errors="0" timestamp="2021-04-20T18:04:16 CEST" skipped="0">
  <testcase classname="seleniumTest" name="sampleTest" time="0.003"/>
  <system-out/>
</testsuite> <!-- seleniumTest -->
